main.c(312): Warning! W107: Missing return value for function 'sendRequest'
main.c(402): Warning! W202: Symbol 'info_failed' has been defined, but not referenced
main.c(523): Warning! W100: Parameter 2 contains inconsistent levels of indirection
main.c(523): Note! I2003: source conversion type is 'char *[]'
main.c(523): Note! I2004: target conversion type is 'char const *'
main.c(523): Note! I2002: 'strcat' defined in: C:\WATCOM/h\string.h(154)
main.c(640): Error! E1071: Type of parameter 1 does not agree with previous definition
main.c(640): Note! I2003: source conversion type is 'struct __iobuf *'
main.c(640): Note! I2004: target conversion type is 'char *'
main.c(643): Warning! W131: No prototype found for function 'getreply'
main.c(650): Error! E1071: Type of parameter 1 does not agree with previous definition
main.c(650): Note! I2003: source conversion type is 'struct __iobuf *'
main.c(650): Note! I2004: target conversion type is 'char *'
main.c(650): Note! I2002: 'finish' defined in: main.c(320)
main.c(658): Error! E1071: Type of parameter 1 does not agree with previous definition
main.c(658): Note! I2003: source conversion type is 'struct __iobuf *'
main.c(658): Note! I2004: target conversion type is 'char *'
main.c(658): Note! I2002: 'Print_log' defined in: main.c(393)
main.c(658): Error! E1151: Parameter count does not agree with previous definition
main.c(660): Error! E1071: Type of parameter 1 does not agree with previous definition
main.c(660): Note! I2003: source conversion type is 'struct __iobuf *'
main.c(660): Note! I2004: target conversion type is 'char *'
main.c(660): Note! I2002: 'finish' defined in: main.c(320)
main.c(666): Error! E1071: Type of parameter 1 does not agree with previous definition
main.c(666): Note! I2003: source conversion type is 'struct __iobuf *'
main.c(666): Note! I2004: target conversion type is 'char *'
main.c(666): Note! I2002: 'finish' defined in: main.c(320)
main.c(675): Error! E1071: Type of parameter 1 does not agree with previous definition
main.c(675): Note! I2003: source conversion type is 'struct __iobuf *'
main.c(675): Note! I2004: target conversion type is 'char *'
main.c(675): Note! I2002: 'Print_log' defined in: main.c(393)
main.c(675): Error! E1151: Parameter count does not agree with previous definition
main.c(677): Error! E1071: Type of parameter 1 does not agree with previous definition
main.c(677): Note! I2003: source conversion type is 'struct __iobuf *'
main.c(677): Note! I2004: target conversion type is 'char *'
main.c(677): Note! I2002: 'finish' defined in: main.c(320)
main.c(681): Error! E1071: Type of parameter 1 does not agree with previous definition
main.c(681): Note! I2003: source conversion type is 'struct __iobuf *'
main.c(681): Note! I2004: target conversion type is 'char *'
main.c(681): Note! I2002: 'finish' defined in: main.c(320)
main.c(687): Warning! W201: Unreachable code
main.c(620): Warning! W202: Symbol 'bwrote' has been defined, but not referenced
main.c(691): Error! E1071: Type of parameter 1 does not agree with previous definition
main.c(691): Note! I2003: source conversion type is 'struct __iobuf *'
main.c(691): Note! I2004: target conversion type is 'char *'
main.c(691): Note! I2002: 'Print_log' defined in: main.c(393)
main.c(691): Error! E1151: Parameter count does not agree with previous definition
main.c(693): Error! E1071: Type of parameter 1 does not agree with previous definition
main.c(693): Note! I2003: source conversion type is 'struct __iobuf *'
main.c(693): Note! I2004: target conversion type is 'char *'
main.c(693): Note! I2002: 'finish' defined in: main.c(320)
main.c(699): Error! E1071: Type of parameter 1 does not agree with previous definition
main.c(699): Note! I2003: source conversion type is 'struct __iobuf *'
main.c(699): Note! I2004: target conversion type is 'char *'
main.c(699): Note! I2002: 'finish' defined in: main.c(320)
main.c(710): Error! E1071: Type of parameter 1 does not agree with previous definition
main.c(710): Note! I2003: source conversion type is 'struct __iobuf *'
main.c(710): Note! I2004: target conversion type is 'char *'
main.c(710): Note! I2002: 'finish' defined in: main.c(320)
main.c(520): Warning! W200: 'log' has been referenced but never assigned a value
